<?xml version="1.0" encoding="UTF-8"?>
<!-- Generated by org.testng.reporters.JUnitReportReporter -->
<testsuite hostname="DESKTOP-3M92PDJ" failures="0" tests="3" name="testng2.P4_EbayTesng" time="10.650" errors="0" timestamp="2023-10-10T12:44:45 IST" skipped="0">
  <testcase classname="testng2.P4_EbayTesng" name="navigateurl" time="3.862"/>
  <testcase classname="testng2.P4_EbayTesng" name="pageinfo" time="0.152"/>
  <testcase classname="testng2.P4_EbayTesng" name="searchproduct" time="6.636"/>
</testsuite> <!-- testng2.P4_EbayTesng -->
