<?xml version="1.0" encoding="UTF-8"?>
<!-- Generated by org.testng.reporters.JUnitReportReporter -->
<testsuite hostname="DESKTOP-3M92PDJ" failures="0" tests="3" name="testng2.P4_EbayTesngwithannotationtransformer" time="5.196" errors="0" timestamp="2024-12-19T16:03:15 IST" skipped="0">
  <testcase classname="testng2.P4_EbayTesngwithannotationtransformer" name="navigateurl" time="1.797"/>
  <testcase classname="testng2.P4_EbayTesngwithannotationtransformer" name="searchproduct" time="3.367"/>
  <testcase classname="testng2.P4_EbayTesngwithannotationtransformer" name="pageinfo" time="0.032"/>
</testsuite> <!-- testng2.P4_EbayTesngwithannotationtransformer -->
