<?xml version="1.0" encoding="UTF-8"?>
<!-- Generated by org.testng.reporters.JUnitReportReporter -->
<testsuite hostname="DESKTOP-3M92PDJ" failures="0" tests="2" name="practiseTestng" time="23.020" errors="0" timestamp="2023-08-15T09:18:02 IST" skipped="0">
  <testcase classname="practiseTestng" name="TestaMAZON" time="10.983"/>
  <system-out/>
  <testcase classname="practiseTestng" name="TestGoogle" time="12.037"/>
  <system-out/>
</testsuite> <!-- practiseTestng -->
