<?xml version="1.0" encoding="UTF-8"?>
<!-- Generated by org.testng.reporters.JUnitReportReporter -->
<testsuite hostname="DESKTOP-3M92PDJ" failures="0" tests="4" name="testng2.Testngwithitestlistenere" time="16.034" errors="0" timestamp="2023-10-11T11:51:16 IST" skipped="0">
  <testcase classname="testng2.Testngwithitestlistenere" name="navigateurl" time="3.165"/>
  <testcase classname="testng2.Testngwithitestlistenere" name="pageinfo" time="0.184"/>
  <testcase classname="testng2.Testngwithitestlistenere" name="searchproduct" time="5.541"/>
  <testcase classname="testng2.Testngwithitestlistenere" name="user_should_see_the_result" time="7.144"/>
</testsuite> <!-- testng2.Testngwithitestlistenere -->
