<?xml version="1.0" encoding="UTF-8"?>
<!-- Generated by org.testng.reporters.JUnitReportReporter -->
<testsuite hostname="DESKTOP-3M92PDJ" failures="0" tests="3" name="testng2.P4_EbayTesngwithlistenere" time="7.324" errors="0" timestamp="2023-10-10T18:58:54 IST" skipped="0">
  <testcase classname="testng2.P4_EbayTesngwithlistenere" name="navigateurl" time="3.673"/>
  <testcase classname="testng2.P4_EbayTesngwithlistenere" name="pageinfo" time="0.058"/>
  <testcase classname="testng2.P4_EbayTesngwithlistenere" name="searchproduct" time="3.593"/>
</testsuite> <!-- testng2.P4_EbayTesngwithlistenere -->
