<?xml version="1.0" encoding="UTF-8"?>
<!-- Generated by org.testng.reporters.JUnitReportReporter -->
<testsuite hostname="DESKTOP-3M92PDJ" failures="0" tests="6" name="testng2.TestngwithparametersinXML" time="10.917" errors="0" timestamp="2024-12-19T16:25:53 IST" skipped="0">
  <testcase classname="testng2.TestngwithparametersinXML" name="navigateurl" time="2.032"/>
  <testcase classname="testng2.TestngwithparametersinXML" name="navigateurl" time="1.938"/>
  <testcase classname="testng2.TestngwithparametersinXML" name="pageinfo" time="0.034"/>
  <testcase classname="testng2.TestngwithparametersinXML" name="pageinfo" time="0.019"/>
  <testcase classname="testng2.TestngwithparametersinXML" name="searchproduct" time="3.464"/>
  <testcase classname="testng2.TestngwithparametersinXML" name="searchproduct" time="3.430"/>
</testsuite> <!-- testng2.TestngwithparametersinXML -->
