<?xml version="1.0" encoding="UTF-8"?>
<!-- Generated by org.testng.reporters.JUnitReportReporter -->
<testsuite hostname="DESKTOP-3M92PDJ" failures="0" tests="3" name="testng.P1_Allannotation" time="0.021" errors="0" timestamp="2023-10-09T12:45:21 IST" skipped="0">
  <testcase classname="testng.P1_Allannotation" name="testcase1" time="0.012"/>
  <testcase classname="testng.P1_Allannotation" name="testcase3" time="0.006"/>
  <testcase classname="testng.P1_Allannotation" name="testcase2" time="0.003"/>
</testsuite> <!-- testng.P1_Allannotation -->
