<?xml version="1.0" encoding="UTF-8"?>
<!-- Generated by org.testng.reporters.JUnitReportReporter -->
<testsuite hostname="DESKTOP-3M92PDJ" failures="0" tests="3" name="testng2.P3_EbayTesng" time="7.823" errors="0" timestamp="2023-10-09T14:05:26 IST" skipped="0">
  <testcase classname="testng2.P3_EbayTesng" name="navigateurl" time="3.041"/>
  <testcase classname="testng2.P3_EbayTesng" name="pageinfo" time="0.053"/>
  <testcase classname="testng2.P3_EbayTesng" name="searchproduct" time="4.729"/>
</testsuite> <!-- testng2.P3_EbayTesng -->
