<?xml version="1.0" encoding="UTF-8"?>
<!-- Generated by org.testng.reporters.JUnitReportReporter -->
<testsuite hostname="DESKTOP-3M92PDJ" failures="0" tests="6" name="testng2.TestngwithparametersinXML" time="14.780" errors="0" timestamp="2023-10-09T19:59:38 IST" skipped="0">
  <testcase classname="testng2.TestngwithparametersinXML" name="navigateurl" time="2.956"/>
  <testcase classname="testng2.TestngwithparametersinXML" name="navigateurl" time="2.676"/>
  <testcase classname="testng2.TestngwithparametersinXML" name="pageinfo" time="0.044"/>
  <testcase classname="testng2.TestngwithparametersinXML" name="pageinfo" time="0.115"/>
  <testcase classname="testng2.TestngwithparametersinXML" name="searchproduct" time="4.278"/>
  <testcase classname="testng2.TestngwithparametersinXML" name="searchproduct" time="4.711"/>
</testsuite> <!-- testng2.TestngwithparametersinXML -->
