<?xml version="1.0" encoding="UTF-8"?>
<!-- Generated by org.testng.reporters.JUnitReportReporter -->
<testsuite hostname="DESKTOP-3M92PDJ" failures="0" tests="6" name="testng2.TestngwithparametersincomaptiableXML" time="18.878" errors="0" timestamp="2023-10-09T20:25:55 IST" skipped="0">
  <testcase classname="testng2.TestngwithparametersincomaptiableXML" name="navigateurl" time="4.315"/>
  <testcase classname="testng2.TestngwithparametersincomaptiableXML" name="navigateurl" time="4.051"/>
  <testcase classname="testng2.TestngwithparametersincomaptiableXML" name="pageinfo" time="0.032"/>
  <testcase classname="testng2.TestngwithparametersincomaptiableXML" name="pageinfo" time="0.046"/>
  <testcase classname="testng2.TestngwithparametersincomaptiableXML" name="searchproduct" time="5.567"/>
  <testcase classname="testng2.TestngwithparametersincomaptiableXML" name="searchproduct" time="4.867"/>
</testsuite> <!-- testng2.TestngwithparametersincomaptiableXML -->
